<?xml version="1.0" encoding="UTF-8"?>
<!-- Generated by org.testng.reporters.JUnitReportReporter -->
<testsuite skipped="0" hostname="NB0897" name="copperwire.io.tnt.orders.GetOrderByIdTest" tests="2" failures="0" timestamp="2020-12-01T22:05:39 IST" time="2.602" errors="0">
  <testcase name="fetchOrderById" time="1.955" classname="copperwire.io.tnt.orders.GetOrderByIdTest"/>
  <system-out/>
  <testcase name="fetchProductDetailsById" time="0.647" classname="copperwire.io.tnt.orders.GetOrderByIdTest"/>
  <system-out/>
</testsuite> <!-- copperwire.io.tnt.orders.GetOrderByIdTest -->
