<?xml version="1.0" encoding="UTF-8"?>
<!-- Generated by org.testng.reporters.JUnitReportReporter -->
<testsuite skipped="0" hostname="NB0897" name="copperwire.io.tnt.orders.CreateSalesOrderAndVerifyOrdersTest" tests="19" failures="0" timestamp="2020-12-05T15:35:34 IST" time="31.602" errors="0">
  <testcase name="createNewSalesOrder" time="2.553" classname="copperwire.io.tnt.orders.CreateSalesOrderAndVerifyOrdersTest"/>
  <system-out/>
  <testcase name="createPallets" time="2.008" classname="copperwire.io.tnt.orders.CreateSalesOrderAndVerifyOrdersTest"/>
  <system-out/>
  <testcase name="createRfq" time="3.370" classname="copperwire.io.tnt.orders.CreateSalesOrderAndVerifyOrdersTest"/>
  <system-out/>
  <testcase name="getOrderDetails" time="0.765" classname="copperwire.io.tnt.orders.CreateSalesOrderAndVerifyOrdersTest"/>
  <system-out/>
  <testcase name="getRfqDetails" time="0.699" classname="copperwire.io.tnt.orders.CreateSalesOrderAndVerifyOrdersTest"/>
  <system-out/>
  <testcase name="bookRfq" time="2.834" classname="copperwire.io.tnt.orders.CreateSalesOrderAndVerifyOrdersTest"/>
  <system-out/>
  <testcase name="getOrderDetailsForQuotation" time="0.635" classname="copperwire.io.tnt.orders.CreateSalesOrderAndVerifyOrdersTest"/>
  <system-out/>
  <testcase name="pickUpAndShip" time="3.962" classname="copperwire.io.tnt.orders.CreateSalesOrderAndVerifyOrdersTest"/>
  <system-out/>
  <testcase name="doCustomerFeedback" time="3.963" classname="copperwire.io.tnt.orders.CreateSalesOrderAndVerifyOrdersTest"/>
  <system-out/>
  <testcase name="getOrderDetailsForPickupShipDetails" time="0.675" classname="copperwire.io.tnt.orders.CreateSalesOrderAndVerifyOrdersTest"/>
  <system-out/>
  <testcase name="invoce" time="4.510" classname="copperwire.io.tnt.orders.CreateSalesOrderAndVerifyOrdersTest"/>
  <system-out/>
  <testcase name="fetchOrderById" time="0.596" classname="copperwire.io.tnt.orders.CreateSalesOrderAndVerifyOrdersTest"/>
  <system-out/>
  <testcase name="fetchProductDetailsById" time="0.560" classname="copperwire.io.tnt.orders.CreateSalesOrderAndVerifyOrdersTest"/>
  <system-out/>
  <testcase name="verifyInspectAndPack" time="0.588" classname="copperwire.io.tnt.orders.CreateSalesOrderAndVerifyOrdersTest"/>
  <system-out/>
  <testcase name="verifyRfq" time="0.616" classname="copperwire.io.tnt.orders.CreateSalesOrderAndVerifyOrdersTest"/>
  <system-out/>
  <testcase name="verifyBook" time="0.638" classname="copperwire.io.tnt.orders.CreateSalesOrderAndVerifyOrdersTest"/>
  <system-out/>
  <testcase name="verifyPickupAndShip" time="1.561" classname="copperwire.io.tnt.orders.CreateSalesOrderAndVerifyOrdersTest"/>
  <system-out/>
  <testcase name="verifyInvoice" time="0.525" classname="copperwire.io.tnt.orders.CreateSalesOrderAndVerifyOrdersTest"/>
  <system-out/>
  <testcase name="verifyCustomerAcceptance" time="0.544" classname="copperwire.io.tnt.orders.CreateSalesOrderAndVerifyOrdersTest"/>
  <system-out/>
</testsuite> <!-- copperwire.io.tnt.orders.CreateSalesOrderAndVerifyOrdersTest -->
