<?xml version="1.0" encoding="UTF-8"?>
<!-- Generated by org.testng.reporters.JUnitReportReporter -->
<testsuite hostname="LAPTOP-5DGM1V01" failures="0" tests="5" name="copperwire.io.tnt.menu.FullFillMenuValidation" time="3.548" errors="0" timestamp="2021-04-11T13:01:14 IST" skipped="0">
  <testcase classname="copperwire.io.tnt.menu.FullFillMenuValidation" name="inspect_Pack" time="0.616"/>
  <system-out/>
  <testcase classname="copperwire.io.tnt.menu.FullFillMenuValidation" name="verifyRfq_Book" time="0.696"/>
  <system-out/>
  <testcase classname="copperwire.io.tnt.menu.FullFillMenuValidation" name="verifyPickup_Ship" time="0.623"/>
  <system-out/>
  <testcase classname="copperwire.io.tnt.menu.FullFillMenuValidation" name="verifyInvoices" time="0.595"/>
  <system-out/>
  <testcase classname="copperwire.io.tnt.menu.FullFillMenuValidation" name="verifyDeliver_Accept" time="1.018"/>
  <system-out/>
</testsuite> <!-- copperwire.io.tnt.menu.FullFillMenuValidation -->
