<?xml version="1.0" encoding="UTF-8"?>
<!-- Generated by org.testng.reporters.JUnitReportReporter -->
<testsuite skipped="0" hostname="NB0897" name="copperwire.io.tnt.orders.GetOrderByIdTest" tests="8" failures="0" timestamp="2020-11-20T13:50:40 IST" time="5.817" errors="0">
  <testcase name="fetchOrderById" time="0.735" classname="copperwire.io.tnt.orders.GetOrderByIdTest"/>
  <system-out/>
  <testcase name="fetchProductDetailsById" time="0.550" classname="copperwire.io.tnt.orders.GetOrderByIdTest"/>
  <system-out/>
  <testcase name="verifyInspectAndPack" time="0.616" classname="copperwire.io.tnt.orders.GetOrderByIdTest"/>
  <system-out/>
  <testcase name="verifyRfq" time="0.570" classname="copperwire.io.tnt.orders.GetOrderByIdTest"/>
  <system-out/>
  <testcase name="verifyBook" time="1.596" classname="copperwire.io.tnt.orders.GetOrderByIdTest"/>
  <system-out/>
  <testcase name="verifyPickupAndShip" time="0.578" classname="copperwire.io.tnt.orders.GetOrderByIdTest"/>
  <system-out/>
  <testcase name="verifyInvoice" time="0.585" classname="copperwire.io.tnt.orders.GetOrderByIdTest"/>
  <system-out/>
  <testcase name="verifyCustomerAcceptance" time="0.587" classname="copperwire.io.tnt.orders.GetOrderByIdTest"/>
  <system-out/>
</testsuite> <!-- copperwire.io.tnt.orders.GetOrderByIdTest -->
