<?xml version="1.0" encoding="UTF-8"?>
<!-- Generated by org.testng.reporters.JUnitReportReporter -->
<testsuite skipped="0" hostname="NB0897" name="copperwire.io.tnt.menu.FullFillMenuValidation" tests="5" failures="0" timestamp="2020-12-04T14:59:02 IST" time="3.217" errors="0">
  <testcase name="inspectA_Pack" time="0.690" classname="copperwire.io.tnt.menu.FullFillMenuValidation"/>
  <system-out/>
  <testcase name="verifyRfq_Book" time="0.550" classname="copperwire.io.tnt.menu.FullFillMenuValidation"/>
  <system-out/>
  <testcase name="verifyPickup_Ship" time="0.609" classname="copperwire.io.tnt.menu.FullFillMenuValidation"/>
  <system-out/>
  <testcase name="verifyInvoices" time="0.509" classname="copperwire.io.tnt.menu.FullFillMenuValidation"/>
  <system-out/>
  <testcase name="verifyDeliver_Accept" time="0.859" classname="copperwire.io.tnt.menu.FullFillMenuValidation"/>
  <system-out/>
</testsuite> <!-- copperwire.io.tnt.menu.FullFillMenuValidation -->
