<?xml version="1.0" encoding="UTF-8"?>
<!-- Generated by org.testng.reporters.JUnitReportReporter -->
<testsuite skipped="0" hostname="NB0897" name="copperwire.io.tnt.menu.VerifyFullFillMenu" tests="5" failures="0" timestamp="2020-12-04T14:41:32 IST" time="3.467" errors="0">
  <testcase name="inspectAndPack" time="0.691" classname="copperwire.io.tnt.menu.VerifyFullFillMenu"/>
  <system-out/>
  <testcase name="verifyRfq" time="0.633" classname="copperwire.io.tnt.menu.VerifyFullFillMenu"/>
  <system-out/>
  <testcase name="verifyPickupAndShip" time="0.567" classname="copperwire.io.tnt.menu.VerifyFullFillMenu"/>
  <system-out/>
  <testcase name="verifyInvoices" time="0.570" classname="copperwire.io.tnt.menu.VerifyFullFillMenu"/>
  <system-out/>
  <testcase name="verifyDeliverAccept" time="1.006" classname="copperwire.io.tnt.menu.VerifyFullFillMenu"/>
  <system-out/>
</testsuite> <!-- copperwire.io.tnt.menu.VerifyFullFillMenu -->
