<?xml version="1.0" encoding="UTF-8"?>
<!-- Generated by org.testng.reporters.JUnitReportReporter -->
<testsuite hostname="LAPTOP-5DGM1V01" failures="0" tests="1" name="copperwire.io.tnt.CopperWire" time="2.302" errors="0" timestamp="2021-03-26T09:16:55 IST" skipped="0">
  <testcase classname="copperwire.io.tnt.CopperWire" name="doLogIn" time="2.302"/>
  <system-out/>
</testsuite> <!-- copperwire.io.tnt.CopperWire -->
