<?xml version="1.0" encoding="UTF-8"?>
<!-- Generated by org.testng.reporters.JUnitReportReporter -->
<testsuite hostname="LAPTOP-5DGM1V01" failures="0" tests="11" name="copperwire.io.tnt.orders.CreateSalesOrderTest" time="33.540" errors="0" timestamp="2021-04-16T22:00:00 IST" skipped="0">
  <testcase classname="copperwire.io.tnt.orders.CreateSalesOrderTest" name="createNewSalesOrder" time="1.011"/>
  <system-out/>
  <testcase classname="copperwire.io.tnt.orders.CreateSalesOrderTest" name="createPallets" time="1.640"/>
  <system-out/>
  <testcase classname="copperwire.io.tnt.orders.CreateSalesOrderTest" name="createRfq" time="8.117"/>
  <system-out/>
  <testcase classname="copperwire.io.tnt.orders.CreateSalesOrderTest" name="getOrderDetails" time="0.899"/>
  <system-out/>
  <testcase classname="copperwire.io.tnt.orders.CreateSalesOrderTest" name="getRfqDetails" time="0.894"/>
  <system-out/>
  <testcase classname="copperwire.io.tnt.orders.CreateSalesOrderTest" name="bookRfq" time="3.810"/>
  <system-out/>
  <testcase classname="copperwire.io.tnt.orders.CreateSalesOrderTest" name="getOrderDetailsForQuotation" time="0.980"/>
  <system-out/>
  <testcase classname="copperwire.io.tnt.orders.CreateSalesOrderTest" name="pickUpAndShip" time="4.632"/>
  <system-out/>
  <testcase classname="copperwire.io.tnt.orders.CreateSalesOrderTest" name="doCustomerFeedback" time="4.746"/>
  <system-out/>
  <testcase classname="copperwire.io.tnt.orders.CreateSalesOrderTest" name="getOrderDetailsForPickupShipDetails" time="0.846"/>
  <system-out/>
  <testcase classname="copperwire.io.tnt.orders.CreateSalesOrderTest" name="invoce" time="5.965"/>
  <system-out/>
</testsuite> <!-- copperwire.io.tnt.orders.CreateSalesOrderTest -->
