<?xml version="1.0" encoding="UTF-8"?>
<!-- Generated by org.testng.reporters.JUnitReportReporter -->
<testsuite skipped="0" hostname="NB0897" name="copperwire.io.tnt.menu.FullFillMenuValidation" tests="5" failures="0" timestamp="2020-12-05T15:39:57 IST" time="3.166" errors="0">
  <testcase name="inspect_Pack" time="0.608" classname="copperwire.io.tnt.menu.FullFillMenuValidation"/>
  <system-out/>
  <testcase name="verifyRfq_Book" time="0.566" classname="copperwire.io.tnt.menu.FullFillMenuValidation"/>
  <system-out/>
  <testcase name="verifyPickup_Ship" time="0.527" classname="copperwire.io.tnt.menu.FullFillMenuValidation"/>
  <system-out/>
  <testcase name="verifyInvoices" time="0.587" classname="copperwire.io.tnt.menu.FullFillMenuValidation"/>
  <system-out/>
  <testcase name="verifyDeliver_Accept" time="0.878" classname="copperwire.io.tnt.menu.FullFillMenuValidation"/>
  <system-out/>
</testsuite> <!-- copperwire.io.tnt.menu.FullFillMenuValidation -->
