<?xml version="1.0" encoding="UTF-8"?>
<!-- Generated by org.testng.reporters.JUnitReportReporter -->
<testsuite hostname="LAPTOP-5DGM1V01" failures="0" tests="8" name="copperwire.io.tnt.orders.GetOrderByIdTest" time="8.356" errors="0" timestamp="2021-04-01T16:43:23 IST" skipped="0">
  <testcase classname="copperwire.io.tnt.orders.GetOrderByIdTest" name="fetchOrderById" time="1.657"/>
  <system-out/>
  <testcase classname="copperwire.io.tnt.orders.GetOrderByIdTest" name="fetchProductDetailsById" time="1.216"/>
  <system-out/>
  <testcase classname="copperwire.io.tnt.orders.GetOrderByIdTest" name="verifyInspectAndPack" time="1.194"/>
  <system-out/>
  <testcase classname="copperwire.io.tnt.orders.GetOrderByIdTest" name="verifyRfq" time="0.729"/>
  <system-out/>
  <testcase classname="copperwire.io.tnt.orders.GetOrderByIdTest" name="verifyBook" time="0.802"/>
  <system-out/>
  <testcase classname="copperwire.io.tnt.orders.GetOrderByIdTest" name="verifyPickupAndShip" time="0.823"/>
  <system-out/>
  <testcase classname="copperwire.io.tnt.orders.GetOrderByIdTest" name="verifyCustomerAcceptance" time="0.814"/>
  <system-out/>
  <testcase classname="copperwire.io.tnt.orders.GetOrderByIdTest" name="verifyInvoice" time="1.121"/>
  <system-out/>
</testsuite> <!-- copperwire.io.tnt.orders.GetOrderByIdTest -->
