<?xml version="1.0" encoding="UTF-8"?>
<!-- Generated by org.testng.reporters.JUnitReportReporter -->
<testsuite skipped="0" hostname="NB0897" name="copperwire.io.tnt.CopperWire" tests="1" failures="0" timestamp="2020-12-01T11:04:40 IST" time="3.721" errors="0">
  <testcase name="doLogIn" time="3.721" classname="copperwire.io.tnt.CopperWire"/>
  <system-out/>
</testsuite> <!-- copperwire.io.tnt.CopperWire -->
