<?xml version="1.0" encoding="UTF-8"?>
<!-- Generated by org.testng.reporters.JUnitReportReporter -->
<testsuite skipped="0" hostname="NB0897" name="copperwire.io.tnt.orders.CreateSalesOrderAndVerifyOrdersTest" tests="13" failures="0" timestamp="2020-12-01T22:07:30 IST" time="28.711" errors="0">
  <testcase name="createNewSalesOrder" time="1.293" classname="copperwire.io.tnt.orders.CreateSalesOrderAndVerifyOrdersTest"/>
  <system-out/>
  <testcase name="createPallets" time="2.196" classname="copperwire.io.tnt.orders.CreateSalesOrderAndVerifyOrdersTest"/>
  <system-out/>
  <testcase name="createRfq" time="3.054" classname="copperwire.io.tnt.orders.CreateSalesOrderAndVerifyOrdersTest"/>
  <system-out/>
  <testcase name="getOrderDetails" time="0.720" classname="copperwire.io.tnt.orders.CreateSalesOrderAndVerifyOrdersTest"/>
  <system-out/>
  <testcase name="getRfqDetails" time="1.641" classname="copperwire.io.tnt.orders.CreateSalesOrderAndVerifyOrdersTest"/>
  <system-out/>
  <testcase name="bookRfq" time="2.798" classname="copperwire.io.tnt.orders.CreateSalesOrderAndVerifyOrdersTest"/>
  <system-out/>
  <testcase name="getOrderDetailsForQuotation" time="0.638" classname="copperwire.io.tnt.orders.CreateSalesOrderAndVerifyOrdersTest"/>
  <system-out/>
  <testcase name="pickUpAndShip" time="3.998" classname="copperwire.io.tnt.orders.CreateSalesOrderAndVerifyOrdersTest"/>
  <system-out/>
  <testcase name="doCustomerFeedback" time="6.431" classname="copperwire.io.tnt.orders.CreateSalesOrderAndVerifyOrdersTest"/>
  <system-out/>
  <testcase name="getOrderDetailsForPickupShipDetails" time="0.869" classname="copperwire.io.tnt.orders.CreateSalesOrderAndVerifyOrdersTest"/>
  <system-out/>
  <testcase name="invoce" time="3.931" classname="copperwire.io.tnt.orders.CreateSalesOrderAndVerifyOrdersTest"/>
  <system-out/>
  <testcase name="fetchOrderById" time="0.580" classname="copperwire.io.tnt.orders.CreateSalesOrderAndVerifyOrdersTest"/>
  <system-out/>
  <testcase name="fetchProductDetailsById" time="0.562" classname="copperwire.io.tnt.orders.CreateSalesOrderAndVerifyOrdersTest"/>
  <system-out/>
</testsuite> <!-- copperwire.io.tnt.orders.CreateSalesOrderAndVerifyOrdersTest -->
