<?xml version="1.0" encoding="UTF-8"?>
<!-- Generated by org.testng.reporters.JUnitReportReporter -->
<testsuite skipped="0" hostname="NB0897" name="copperwire.io.tnt.orders.GetOrderByIdTest" tests="8" failures="0" timestamp="2020-12-05T15:38:46 IST" time="6.633" errors="0">
  <testcase name="fetchOrderById" time="2.531" classname="copperwire.io.tnt.orders.GetOrderByIdTest"/>
  <system-out/>
  <testcase name="fetchProductDetailsById" time="0.616" classname="copperwire.io.tnt.orders.GetOrderByIdTest"/>
  <system-out/>
  <testcase name="verifyInspectAndPack" time="0.652" classname="copperwire.io.tnt.orders.GetOrderByIdTest"/>
  <system-out/>
  <testcase name="verifyRfq" time="0.564" classname="copperwire.io.tnt.orders.GetOrderByIdTest"/>
  <system-out/>
  <testcase name="verifyBook" time="0.569" classname="copperwire.io.tnt.orders.GetOrderByIdTest"/>
  <system-out/>
  <testcase name="verifyPickupAndShip" time="0.598" classname="copperwire.io.tnt.orders.GetOrderByIdTest"/>
  <system-out/>
  <testcase name="verifyCustomerAcceptance" time="0.579" classname="copperwire.io.tnt.orders.GetOrderByIdTest"/>
  <system-out/>
  <testcase name="verifyInvoice" time="0.524" classname="copperwire.io.tnt.orders.GetOrderByIdTest"/>
  <system-out/>
</testsuite> <!-- copperwire.io.tnt.orders.GetOrderByIdTest -->
