<?xml version="1.0" encoding="UTF-8"?>
<!-- Generated by org.testng.reporters.JUnitReportReporter -->
<testsuite skipped="0" hostname="NB0897" name="copperwire.io.tnt.orders.EmailReport" tests="1" failures="0" timestamp="2020-11-21T17:38:03 IST" time="6.784" errors="0">
  <testcase name="sendReport" time="6.784" classname="copperwire.io.tnt.orders.EmailReport"/>
  <system-out/>
</testsuite> <!-- copperwire.io.tnt.orders.EmailReport -->
