<?xml version="1.0" encoding="UTF-8"?>
<!-- Generated by org.testng.reporters.JUnitReportReporter -->
<testsuite skipped="0" hostname="NB0897" name="tntRestAutomation.LogIn" tests="1" failures="0" timestamp="2020-11-25T12:52:23 IST" time="2.782" errors="0">
  <testcase name="doLogIn" time="2.782" classname="tntRestAutomation.LogIn"/>
  <system-out/>
</testsuite> <!-- tntRestAutomation.LogIn -->
