<?xml version="1.0" encoding="UTF-8"?>
<!-- Generated by org.testng.reporters.JUnitReportReporter -->
<testsuite skipped="0" hostname="NB0897" name="copperwire.io.tnt.orders.CreateSalesOrderTest" tests="11" failures="0" timestamp="2020-11-20T13:50:40 IST" time="26.038" errors="0">
  <testcase name="createNewSalesOrder" time="1.421" classname="copperwire.io.tnt.orders.CreateSalesOrderTest"/>
  <system-out/>
  <testcase name="createPallets" time="2.205" classname="copperwire.io.tnt.orders.CreateSalesOrderTest"/>
  <system-out/>
  <testcase name="createRfq" time="3.538" classname="copperwire.io.tnt.orders.CreateSalesOrderTest"/>
  <system-out/>
  <testcase name="getOrderDetails" time="0.810" classname="copperwire.io.tnt.orders.CreateSalesOrderTest"/>
  <system-out/>
  <testcase name="getRfqDetails" time="0.608" classname="copperwire.io.tnt.orders.CreateSalesOrderTest"/>
  <system-out/>
  <testcase name="bookRfq" time="2.983" classname="copperwire.io.tnt.orders.CreateSalesOrderTest"/>
  <system-out/>
  <testcase name="getOrderDetailsForQuotation" time="0.623" classname="copperwire.io.tnt.orders.CreateSalesOrderTest"/>
  <system-out/>
  <testcase name="pickUpAndShip" time="4.362" classname="copperwire.io.tnt.orders.CreateSalesOrderTest"/>
  <system-out/>
  <testcase name="doCustomerFeedback" time="4.069" classname="copperwire.io.tnt.orders.CreateSalesOrderTest"/>
  <system-out/>
  <testcase name="getOrderDetailsForPickupShipDetails" time="0.592" classname="copperwire.io.tnt.orders.CreateSalesOrderTest"/>
  <system-out/>
  <testcase name="invoce" time="4.827" classname="copperwire.io.tnt.orders.CreateSalesOrderTest"/>
  <system-out/>
</testsuite> <!-- copperwire.io.tnt.orders.CreateSalesOrderTest -->
