<?xml version="1.0" encoding="UTF-8"?>
<!-- Generated by org.testng.reporters.JUnitReportReporter -->
<testsuite skipped="0" hostname="NB0897" name="copperwire.io.tnt.orders.GetAllOrdersTest" tests="1" failures="0" timestamp="2020-11-19T11:34:20 IST" time="1.742" errors="0">
  <testcase name="fetchAllOrders" time="1.742" classname="copperwire.io.tnt.orders.GetAllOrdersTest"/>
  <system-out/>
</testsuite> <!-- copperwire.io.tnt.orders.GetAllOrdersTest -->
