<?xml version="1.0" encoding="UTF-8"?>
<!-- Generated by org.testng.reporters.JUnitReportReporter -->
<testsuite hostname="LAPTOP-5DGM1V01" failures="0" tests="2" name="copperwire.io.tnt.orders.CreatePurchaseOrderAndVerifyOrdersTnt8" time="4.715" errors="0" timestamp="2021-04-18T20:45:08 IST" skipped="0">
  <testcase classname="copperwire.io.tnt.orders.CreatePurchaseOrderAndVerifyOrdersTnt8" name="createNewPurchaseOrder" time="1.938"/>
  <system-out/>
  <testcase classname="copperwire.io.tnt.orders.CreatePurchaseOrderAndVerifyOrdersTnt8" name="createCommercialInvoice" time="2.777"/>
  <system-out/>
</testsuite> <!-- copperwire.io.tnt.orders.CreatePurchaseOrderAndVerifyOrdersTnt8 -->
