<?xml version="1.0" encoding="UTF-8"?>
<!-- Generated by org.testng.reporters.JUnitReportReporter -->
<testsuite hostname="LAPTOP-5DGM1V01" failures="0" tests="21" name="copperwire.io.tnt.orders.CreateSalesOrderAndVerifyOrdersTest" time="50.689" errors="0" timestamp="2021-04-18T18:43:59 IST" skipped="0">
  <testcase classname="copperwire.io.tnt.orders.CreateSalesOrderAndVerifyOrdersTest" name="createNewSalesOrder" time="1.805"/>
  <system-out/>
  <testcase classname="copperwire.io.tnt.orders.CreateSalesOrderAndVerifyOrdersTest" name="createPallets" time="2.707"/>
  <system-out/>
  <testcase classname="copperwire.io.tnt.orders.CreateSalesOrderAndVerifyOrdersTest" name="savepalletinBlockchain" time="10.452"/>
  <system-out/>
  <testcase classname="copperwire.io.tnt.orders.CreateSalesOrderAndVerifyOrdersTest" name="createRfq" time="3.970"/>
  <system-out/>
  <testcase classname="copperwire.io.tnt.orders.CreateSalesOrderAndVerifyOrdersTest" name="getOrderDetails" time="0.961"/>
  <system-out/>
  <testcase classname="copperwire.io.tnt.orders.CreateSalesOrderAndVerifyOrdersTest" name="getRfqDetails" time="0.789"/>
  <system-out/>
  <testcase classname="copperwire.io.tnt.orders.CreateSalesOrderAndVerifyOrdersTest" name="bookRfq" time="3.810"/>
  <system-out/>
  <testcase classname="copperwire.io.tnt.orders.CreateSalesOrderAndVerifyOrdersTest" name="getOrderDetailsForQuotation" time="1.013"/>
  <system-out/>
  <testcase classname="copperwire.io.tnt.orders.CreateSalesOrderAndVerifyOrdersTest" name="pickUpAndShip" time="5.406"/>
  <system-out/>
  <testcase classname="copperwire.io.tnt.orders.CreateSalesOrderAndVerifyOrdersTest" name="doCustomerFeedback" time="5.627"/>
  <system-out/>
  <testcase classname="copperwire.io.tnt.orders.CreateSalesOrderAndVerifyOrdersTest" name="getOrderDetailsForPickupShipDetails" time="0.745"/>
  <system-out/>
  <testcase classname="copperwire.io.tnt.orders.CreateSalesOrderAndVerifyOrdersTest" name="invoce" time="4.525"/>
  <system-out/>
  <testcase classname="copperwire.io.tnt.orders.CreateSalesOrderAndVerifyOrdersTest" name="fetchOrderById" time="0.887"/>
  <system-out/>
  <testcase classname="copperwire.io.tnt.orders.CreateSalesOrderAndVerifyOrdersTest" name="fetchProductDetailsById" time="0.634"/>
  <system-out/>
  <testcase classname="copperwire.io.tnt.orders.CreateSalesOrderAndVerifyOrdersTest" name="verifyInspectAndPack" time="1.170"/>
  <system-out/>
  <testcase classname="copperwire.io.tnt.orders.CreateSalesOrderAndVerifyOrdersTest" name="inspect_Pack_Validate" time="2.836"/>
  <system-out/>
  <testcase classname="copperwire.io.tnt.orders.CreateSalesOrderAndVerifyOrdersTest" name="verifyRfq" time="0.795"/>
  <system-out/>
  <testcase classname="copperwire.io.tnt.orders.CreateSalesOrderAndVerifyOrdersTest" name="verifyBook" time="0.638"/>
  <system-out/>
  <testcase classname="copperwire.io.tnt.orders.CreateSalesOrderAndVerifyOrdersTest" name="verifyPickupAndShip" time="0.626"/>
  <system-out/>
  <testcase classname="copperwire.io.tnt.orders.CreateSalesOrderAndVerifyOrdersTest" name="verifyInvoice" time="0.639"/>
  <system-out/>
  <testcase classname="copperwire.io.tnt.orders.CreateSalesOrderAndVerifyOrdersTest" name="verifyCustomerAcceptance" time="0.654"/>
  <system-out/>
</testsuite> <!-- copperwire.io.tnt.orders.CreateSalesOrderAndVerifyOrdersTest -->
