<?xml version="1.0" encoding="UTF-8"?>
<!-- Generated by org.testng.reporters.JUnitReportReporter -->
<testsuite skipped="0" hostname="NB0897" name="copperwire.io.tnt.orders.LogInTest" tests="1" failures="0" timestamp="2020-12-01T21:39:53 IST" time="4.002" errors="0">
  <testcase name="doLogIn" time="4.002" classname="copperwire.io.tnt.orders.LogInTest"/>
  <system-out/>
</testsuite> <!-- copperwire.io.tnt.orders.LogInTest -->
