<?xml version="1.0" encoding="UTF-8"?>
<!-- Generated by org.testng.reporters.JUnitReportReporter -->
<testsuite skipped="0" hostname="NB0897" name="copperwire.io.tnt.orders.GetOrderByIdTest" tests="5" failures="0" timestamp="2020-11-25T16:05:48 IST" time="5.017" errors="0">
  <testcase name="fetchOrderById" time="2.682" classname="copperwire.io.tnt.orders.GetOrderByIdTest"/>
  <system-out/>
  <testcase name="fetchProductDetailsById" time="0.572" classname="copperwire.io.tnt.orders.GetOrderByIdTest"/>
  <system-out/>
  <testcase name="verifyInspectAndPack" time="0.638" classname="copperwire.io.tnt.orders.GetOrderByIdTest"/>
  <system-out/>
  <testcase name="verifyRfq" time="0.561" classname="copperwire.io.tnt.orders.GetOrderByIdTest"/>
  <system-out/>
  <testcase name="verifyBook" time="0.564" classname="copperwire.io.tnt.orders.GetOrderByIdTest"/>
  <system-out/>
</testsuite> <!-- copperwire.io.tnt.orders.GetOrderByIdTest -->
