<?xml version="1.0" encoding="UTF-8"?>
<!-- Generated by org.testng.reporters.JUnitReportReporter -->
<testsuite skipped="0" hostname="NB0897" name="copperwire.io.tnt.orders.CreateSalesOrderAndVerifyOrdersTest" tests="19" failures="0" timestamp="2020-11-20T17:11:28 IST" time="33.444" errors="0">
  <testcase name="createNewSalesOrder" time="1.495" classname="copperwire.io.tnt.orders.CreateSalesOrderAndVerifyOrdersTest"/>
  <system-out/>
  <testcase name="createPallets" time="2.073" classname="copperwire.io.tnt.orders.CreateSalesOrderAndVerifyOrdersTest"/>
  <system-out/>
  <testcase name="createRfq" time="3.781" classname="copperwire.io.tnt.orders.CreateSalesOrderAndVerifyOrdersTest"/>
  <system-out/>
  <testcase name="getOrderDetails" time="1.816" classname="copperwire.io.tnt.orders.CreateSalesOrderAndVerifyOrdersTest"/>
  <system-out/>
  <testcase name="getRfqDetails" time="0.641" classname="copperwire.io.tnt.orders.CreateSalesOrderAndVerifyOrdersTest"/>
  <system-out/>
  <testcase name="bookRfq" time="2.840" classname="copperwire.io.tnt.orders.CreateSalesOrderAndVerifyOrdersTest"/>
  <system-out/>
  <testcase name="getOrderDetailsForQuotation" time="0.655" classname="copperwire.io.tnt.orders.CreateSalesOrderAndVerifyOrdersTest"/>
  <system-out/>
  <testcase name="pickUpAndShip" time="4.600" classname="copperwire.io.tnt.orders.CreateSalesOrderAndVerifyOrdersTest"/>
  <system-out/>
  <testcase name="doCustomerFeedback" time="4.526" classname="copperwire.io.tnt.orders.CreateSalesOrderAndVerifyOrdersTest"/>
  <system-out/>
  <testcase name="getOrderDetailsForPickupShipDetails" time="0.781" classname="copperwire.io.tnt.orders.CreateSalesOrderAndVerifyOrdersTest"/>
  <system-out/>
  <testcase name="invoce" time="4.661" classname="copperwire.io.tnt.orders.CreateSalesOrderAndVerifyOrdersTest"/>
  <system-out/>
  <testcase name="fetchOrderById" time="0.570" classname="copperwire.io.tnt.orders.CreateSalesOrderAndVerifyOrdersTest"/>
  <system-out/>
  <testcase name="fetchProductDetailsById" time="0.561" classname="copperwire.io.tnt.orders.CreateSalesOrderAndVerifyOrdersTest"/>
  <system-out/>
  <testcase name="verifyInspectAndPack" time="0.540" classname="copperwire.io.tnt.orders.CreateSalesOrderAndVerifyOrdersTest"/>
  <system-out/>
  <testcase name="verifyRfq" time="1.610" classname="copperwire.io.tnt.orders.CreateSalesOrderAndVerifyOrdersTest"/>
  <system-out/>
  <testcase name="verifyBook" time="0.556" classname="copperwire.io.tnt.orders.CreateSalesOrderAndVerifyOrdersTest"/>
  <system-out/>
  <testcase name="verifyPickupAndShip" time="0.565" classname="copperwire.io.tnt.orders.CreateSalesOrderAndVerifyOrdersTest"/>
  <system-out/>
  <testcase name="verifyInvoice" time="0.618" classname="copperwire.io.tnt.orders.CreateSalesOrderAndVerifyOrdersTest"/>
  <system-out/>
  <testcase name="verifyCustomerAcceptance" time="0.555" classname="copperwire.io.tnt.orders.CreateSalesOrderAndVerifyOrdersTest"/>
  <system-out/>
</testsuite> <!-- copperwire.io.tnt.orders.CreateSalesOrderAndVerifyOrdersTest -->
