<?xml version="1.0" encoding="UTF-8"?>
<!-- Generated by org.testng.reporters.JUnitReportReporter -->
<testsuite skipped="0" hostname="NB0897" name="copperwire.io.tnt.orders.OrderTest" tests="1" failures="0" timestamp="2020-11-18T17:25:41 IST" time="2.860" errors="0">
  <testcase name="fetchAllOrders" time="2.860" classname="copperwire.io.tnt.orders.OrderTest"/>
  <system-out/>
</testsuite> <!-- copperwire.io.tnt.orders.OrderTest -->
