<?xml version="1.0" encoding="UTF-8"?>
<!-- Generated by org.testng.reporters.JUnitReportReporter -->
<testsuite skipped="0" hostname="NB0897" name="copperwire.io.tnt.orders.CreateSalesOrderAndVerifyOrdersTest" tests="19" failures="0" timestamp="2020-11-21T17:51:06 IST" time="35.798" errors="0">
  <testcase name="createNewSalesOrder" time="1.430" classname="copperwire.io.tnt.orders.CreateSalesOrderAndVerifyOrdersTest"/>
  <system-out/>
  <testcase name="createPallets" time="3.276" classname="copperwire.io.tnt.orders.CreateSalesOrderAndVerifyOrdersTest"/>
  <system-out/>
  <testcase name="createRfq" time="3.732" classname="copperwire.io.tnt.orders.CreateSalesOrderAndVerifyOrdersTest"/>
  <system-out/>
  <testcase name="getOrderDetails" time="0.865" classname="copperwire.io.tnt.orders.CreateSalesOrderAndVerifyOrdersTest"/>
  <system-out/>
  <testcase name="getRfqDetails" time="0.591" classname="copperwire.io.tnt.orders.CreateSalesOrderAndVerifyOrdersTest"/>
  <system-out/>
  <testcase name="bookRfq" time="2.950" classname="copperwire.io.tnt.orders.CreateSalesOrderAndVerifyOrdersTest"/>
  <system-out/>
  <testcase name="getOrderDetailsForQuotation" time="0.721" classname="copperwire.io.tnt.orders.CreateSalesOrderAndVerifyOrdersTest"/>
  <system-out/>
  <testcase name="pickUpAndShip" time="6.141" classname="copperwire.io.tnt.orders.CreateSalesOrderAndVerifyOrdersTest"/>
  <system-out/>
  <testcase name="doCustomerFeedback" time="5.301" classname="copperwire.io.tnt.orders.CreateSalesOrderAndVerifyOrdersTest"/>
  <system-out/>
  <testcase name="getOrderDetailsForPickupShipDetails" time="0.666" classname="copperwire.io.tnt.orders.CreateSalesOrderAndVerifyOrdersTest"/>
  <system-out/>
  <testcase name="fetchOrderById" time="0.645" classname="copperwire.io.tnt.orders.CreateSalesOrderAndVerifyOrdersTest"/>
  <system-out/>
  <testcase name="invoce" time="4.216" classname="copperwire.io.tnt.orders.CreateSalesOrderAndVerifyOrdersTest"/>
  <system-out/>
  <testcase name="fetchProductDetailsById" time="1.616" classname="copperwire.io.tnt.orders.CreateSalesOrderAndVerifyOrdersTest"/>
  <system-out/>
  <testcase name="verifyInspectAndPack" time="0.636" classname="copperwire.io.tnt.orders.CreateSalesOrderAndVerifyOrdersTest"/>
  <system-out/>
  <testcase name="verifyRfq" time="0.625" classname="copperwire.io.tnt.orders.CreateSalesOrderAndVerifyOrdersTest"/>
  <system-out/>
  <testcase name="verifyBook" time="0.531" classname="copperwire.io.tnt.orders.CreateSalesOrderAndVerifyOrdersTest"/>
  <system-out/>
  <testcase name="verifyPickupAndShip" time="0.640" classname="copperwire.io.tnt.orders.CreateSalesOrderAndVerifyOrdersTest"/>
  <system-out/>
  <testcase name="verifyInvoice" time="0.651" classname="copperwire.io.tnt.orders.CreateSalesOrderAndVerifyOrdersTest"/>
  <system-out/>
  <testcase name="verifyCustomerAcceptance" time="0.565" classname="copperwire.io.tnt.orders.CreateSalesOrderAndVerifyOrdersTest"/>
  <system-out/>
</testsuite> <!-- copperwire.io.tnt.orders.CreateSalesOrderAndVerifyOrdersTest -->
